build/app/intermediates/manifest_merge_blame_file/release/processReleaseMainManifest/manifest-merger-blame-release-report.txt
1<?xml version="1.0" encoding="utf-8"?>
2<manifest xmlns:android="http://schemas.android.com/apk/res/android"
3    package="com.hbncompany.mahallda_app"
4    android:versionCode="1"
5    android:versionName="1.0.0" >
6
7    <uses-sdk
8        android:minSdkVersion="30"
9        android:targetSdkVersion="35" />
10
11    <uses-permission android:name="android.permission.INTERNET" />
11-->src\main\AndroidManifest.xml:2:5-66
11-->src\main\AndroidManifest.xml:2:22-64
12    <uses-permission android:name="android.permission.ACCESS_NETWORK_STATE" />
12-->src\main\AndroidManifest.xml:3:5-78
12-->src\main\AndroidManifest.xml:3:22-76
13    <uses-permission android:name="android.permission.WAKE_LOCK" />
13-->src\main\AndroidManifest.xml:4:5-67
13-->src\main\AndroidManifest.xml:4:22-65
14    <uses-permission android:name="android.permission.VIBRATE" />
14-->src\main\AndroidManifest.xml:5:5-65
14-->src\main\AndroidManifest.xml:5:22-63
15    <uses-permission android:name="android.permission.RECEIVE_BOOT_COMPLETED" />
15-->src\main\AndroidManifest.xml:6:5-80
15-->src\main\AndroidManifest.xml:6:22-78
16    <uses-permission android:name="android.permission.POST_NOTIFICATIONS" />
16-->src\main\AndroidManifest.xml:7:5-76
16-->src\main\AndroidManifest.xml:7:22-74
17    <!--
18         Required to query activities that can process text, see:
19         https://developer.android.com/training/package-visibility and
20         https://developer.android.com/reference/android/content/Intent#ACTION_PROCESS_TEXT.
21
22         In particular, this is used by the Flutter engine in io.flutter.plugin.text.ProcessTextPlugin.
23    -->
24    <queries>
24-->src\main\AndroidManifest.xml:55:5-60:15
25        <intent>
25-->src\main\AndroidManifest.xml:56:9-59:18
26            <action android:name="android.intent.action.PROCESS_TEXT" />
26-->src\main\AndroidManifest.xml:57:13-72
26-->src\main\AndroidManifest.xml:57:21-70
27
28            <data android:mimeType="text/plain" />
28-->src\main\AndroidManifest.xml:58:13-50
28-->src\main\AndroidManifest.xml:58:19-48
29        </intent>
30        <intent>
30-->[com.android.billingclient:billing:7.1.1] AndroidManifest.xml:13:9-15:18
31            <action android:name="com.android.vending.billing.InAppBillingService.BIND" />
31-->[com.android.billingclient:billing:7.1.1] AndroidManifest.xml:14:13-91
31-->[com.android.billingclient:billing:7.1.1] AndroidManifest.xml:14:21-88
32        </intent>
33        <intent>
33-->[com.android.billingclient:billing:7.1.1] AndroidManifest.xml:16:9-18:18
34            <action android:name="com.google.android.apps.play.billingtestcompanion.BillingOverrideService.BIND" />
34-->[com.android.billingclient:billing:7.1.1] AndroidManifest.xml:17:13-116
34-->[com.android.billingclient:billing:7.1.1] AndroidManifest.xml:17:21-113
35        </intent>
36    </queries>
37    <!-- Required by older versions of Google Play services to create IID tokens -->
38    <uses-permission android:name="com.google.android.c2dm.permission.RECEIVE" />
38-->[com.google.firebase:firebase-messaging:24.1.2] AndroidManifest.xml:26:5-82
38-->[com.google.firebase:firebase-messaging:24.1.2] AndroidManifest.xml:26:22-79
39    <uses-permission android:name="com.android.vending.BILLING" />
39-->[com.android.billingclient:billing:7.1.1] AndroidManifest.xml:10:5-67
39-->[com.android.billingclient:billing:7.1.1] AndroidManifest.xml:10:22-64
40    <uses-permission android:name="com.google.android.providers.gsf.permission.READ_GSERVICES" />
40-->[com.google.android.recaptcha:recaptcha:18.6.1] AndroidManifest.xml:9:5-98
40-->[com.google.android.recaptcha:recaptcha:18.6.1] AndroidManifest.xml:9:22-95
41
42    <permission
42-->[androidx.core:core:1.13.1] AndroidManifest.xml:22:5-24:47
43        android:name="com.hbncompany.mahallda_app.DYNAMIC_RECEIVER_NOT_EXPORTED_PERMISSION"
43-->[androidx.core:core:1.13.1] AndroidManifest.xml:23:9-81
44        android:protectionLevel="signature" />
44-->[androidx.core:core:1.13.1] AndroidManifest.xml:24:9-44
45
46    <uses-permission android:name="com.hbncompany.mahallda_app.DYNAMIC_RECEIVER_NOT_EXPORTED_PERMISSION" /> <!-- Android 13+ uchun -->
46-->[androidx.core:core:1.13.1] AndroidManifest.xml:26:5-97
46-->[androidx.core:core:1.13.1] AndroidManifest.xml:26:22-94
47    <application
48        android:name="android.app.Application"
48-->src\main\AndroidManifest.xml:10:9-42
49        android:appComponentFactory="androidx.core.app.CoreComponentFactory"
49-->[androidx.core:core:1.13.1] AndroidManifest.xml:28:18-86
50        android:extractNativeLibs="false"
51        android:icon="@mipmap/ic_launcher"
51-->src\main\AndroidManifest.xml:11:9-43
52        android:label="Mahallada" >
52-->src\main\AndroidManifest.xml:9:9-34
53        <activity
53-->src\main\AndroidManifest.xml:12:9-36:20
54            android:name="com.hbncompany.mahallda_app.MainActivity"
54-->src\main\AndroidManifest.xml:13:13-41
55            android:configChanges="orientation|keyboardHidden|keyboard|screenSize|smallestScreenSize|locale|layoutDirection|fontScale|screenLayout|density|uiMode"
55-->src\main\AndroidManifest.xml:18:13-163
56            android:exported="true"
56-->src\main\AndroidManifest.xml:14:13-36
57            android:hardwareAccelerated="true"
57-->src\main\AndroidManifest.xml:19:13-47
58            android:launchMode="singleTop"
58-->src\main\AndroidManifest.xml:15:13-43
59            android:taskAffinity=""
59-->src\main\AndroidManifest.xml:16:13-36
60            android:theme="@style/LaunchTheme"
60-->src\main\AndroidManifest.xml:17:13-47
61            android:windowSoftInputMode="adjustResize" >
61-->src\main\AndroidManifest.xml:20:13-55
62
63            <!--
64                 Specifies an Android theme to apply to this Activity as soon as
65                 the Android process has started. This theme is visible to the user
66                 while the Flutter UI initializes. After that, this theme continues
67                 to determine the Window background behind the Flutter UI.
68            -->
69            <meta-data
69-->src\main\AndroidManifest.xml:25:13-28:17
70                android:name="io.flutter.embedding.android.NormalTheme"
70-->src\main\AndroidManifest.xml:26:15-70
71                android:resource="@style/NormalTheme" />
71-->src\main\AndroidManifest.xml:27:15-52
72            <meta-data
72-->src\main\AndroidManifest.xml:29:9-31:55
73                android:name="com.google.firebase.messaging.default_notification_channel_id"
73-->src\main\AndroidManifest.xml:30:13-89
74                android:value="high_importance_channel" /> <!-- O'zingizning kanal ID'ingizni kiriting -->
74-->src\main\AndroidManifest.xml:31:13-52
75            <intent-filter>
75-->src\main\AndroidManifest.xml:32:13-35:29
76                <action android:name="android.intent.action.MAIN" />
76-->src\main\AndroidManifest.xml:33:17-68
76-->src\main\AndroidManifest.xml:33:25-66
77
78                <category android:name="android.intent.category.LAUNCHER" />
78-->src\main\AndroidManifest.xml:34:17-76
78-->src\main\AndroidManifest.xml:34:27-74
79            </intent-filter>
80        </activity>
81        <!--
82             Don't delete the meta-data below.
83             This is used by the Flutter tool to generate GeneratedPluginRegistrant.java
84        -->
85        <meta-data
85-->src\main\AndroidManifest.xml:39:9-41:33
86            android:name="flutterEmbedding"
86-->src\main\AndroidManifest.xml:40:13-44
87            android:value="2" />
87-->src\main\AndroidManifest.xml:41:13-30
88
89        <service
89-->src\main\AndroidManifest.xml:42:9-48:15
90            android:name="com.google.firebase.messaging.FirebaseMessagingService"
90-->src\main\AndroidManifest.xml:43:9-78
91            android:directBootAware="true"
91-->[com.google.firebase:firebase-messaging:24.1.2] AndroidManifest.xml:48:13-43
92            android:exported="false" >
92-->src\main\AndroidManifest.xml:44:9-33
93            <intent-filter>
93-->src\main\AndroidManifest.xml:45:9-47:25
94                <action android:name="com.google.firebase.MESSAGING_EVENT" />
94-->src\main\AndroidManifest.xml:46:13-74
94-->src\main\AndroidManifest.xml:46:21-71
95            </intent-filter>
96            <intent-filter android:priority="-500" >
96-->src\main\AndroidManifest.xml:45:9-47:25
97                <action android:name="com.google.firebase.MESSAGING_EVENT" />
97-->src\main\AndroidManifest.xml:46:13-74
97-->src\main\AndroidManifest.xml:46:21-71
98            </intent-filter>
99        </service>
100        <service
100-->[:cloud_firestore] AndroidManifest.xml:8:9-12:19
101            android:name="com.google.firebase.components.ComponentDiscoveryService"
101-->[:cloud_firestore] AndroidManifest.xml:8:18-89
102            android:directBootAware="true"
102-->[com.google.firebase:firebase-common:21.0.0] AndroidManifest.xml:32:13-43
103            android:exported="false" >
103-->[com.google.firebase:firebase-auth:23.2.1] AndroidManifest.xml:68:13-37
104            <meta-data
104-->[:cloud_firestore] AndroidManifest.xml:9:13-11:85
105                android:name="com.google.firebase.components:io.flutter.plugins.firebase.firestore.FlutterFirebaseFirestoreRegistrar"
105-->[:cloud_firestore] AndroidManifest.xml:10:17-134
106                android:value="com.google.firebase.components.ComponentRegistrar" />
106-->[:cloud_firestore] AndroidManifest.xml:11:17-82
107            <meta-data
107-->[:firebase_auth] AndroidManifest.xml:9:13-11:85
108                android:name="com.google.firebase.components:io.flutter.plugins.firebase.auth.FlutterFirebaseAuthRegistrar"
108-->[:firebase_auth] AndroidManifest.xml:10:17-124
109                android:value="com.google.firebase.components.ComponentRegistrar" />
109-->[:firebase_auth] AndroidManifest.xml:11:17-82
110            <meta-data
110-->[:firebase_messaging] AndroidManifest.xml:36:13-38:85
111                android:name="com.google.firebase.components:io.flutter.plugins.firebase.messaging.FlutterFirebaseAppRegistrar"
111-->[:firebase_messaging] AndroidManifest.xml:37:17-128
112                android:value="com.google.firebase.components.ComponentRegistrar" />
112-->[:firebase_messaging] AndroidManifest.xml:38:17-82
113            <meta-data
113-->[:firebase_storage] AndroidManifest.xml:9:13-11:85
114                android:name="com.google.firebase.components:io.flutter.plugins.firebase.storage.FlutterFirebaseAppRegistrar"
114-->[:firebase_storage] AndroidManifest.xml:10:17-126
115                android:value="com.google.firebase.components.ComponentRegistrar" />
115-->[:firebase_storage] AndroidManifest.xml:11:17-82
116            <meta-data
116-->[:firebase_core] AndroidManifest.xml:9:13-11:85
117                android:name="com.google.firebase.components:io.flutter.plugins.firebase.core.FlutterFirebaseCoreRegistrar"
117-->[:firebase_core] AndroidManifest.xml:10:17-124
118                android:value="com.google.firebase.components.ComponentRegistrar" />
118-->[:firebase_core] AndroidManifest.xml:11:17-82
119            <meta-data
119-->[com.google.firebase:firebase-auth:23.2.1] AndroidManifest.xml:69:13-71:85
120                android:name="com.google.firebase.components:com.google.firebase.auth.FirebaseAuthRegistrar"
120-->[com.google.firebase:firebase-auth:23.2.1] AndroidManifest.xml:70:17-109
121                android:value="com.google.firebase.components.ComponentRegistrar" />
121-->[com.google.firebase:firebase-auth:23.2.1] AndroidManifest.xml:71:17-82
122            <meta-data
122-->[com.google.firebase:firebase-firestore:25.1.4] AndroidManifest.xml:17:13-19:85
123                android:name="com.google.firebase.components:com.google.firebase.firestore.FirebaseFirestoreKtxRegistrar"
123-->[com.google.firebase:firebase-firestore:25.1.4] AndroidManifest.xml:18:17-122
124                android:value="com.google.firebase.components.ComponentRegistrar" />
124-->[com.google.firebase:firebase-firestore:25.1.4] AndroidManifest.xml:19:17-82
125            <meta-data
125-->[com.google.firebase:firebase-firestore:25.1.4] AndroidManifest.xml:20:13-22:85
126                android:name="com.google.firebase.components:com.google.firebase.firestore.FirestoreRegistrar"
126-->[com.google.firebase:firebase-firestore:25.1.4] AndroidManifest.xml:21:17-111
127                android:value="com.google.firebase.components.ComponentRegistrar" />
127-->[com.google.firebase:firebase-firestore:25.1.4] AndroidManifest.xml:22:17-82
128            <meta-data
128-->[com.google.firebase:firebase-messaging:24.1.2] AndroidManifest.xml:57:13-59:85
129                android:name="com.google.firebase.components:com.google.firebase.messaging.FirebaseMessagingKtxRegistrar"
129-->[com.google.firebase:firebase-messaging:24.1.2] AndroidManifest.xml:58:17-122
130                android:value="com.google.firebase.components.ComponentRegistrar" />
130-->[com.google.firebase:firebase-messaging:24.1.2] AndroidManifest.xml:59:17-82
131            <meta-data
131-->[com.google.firebase:firebase-messaging:24.1.2] AndroidManifest.xml:60:13-62:85
132                android:name="com.google.firebase.components:com.google.firebase.messaging.FirebaseMessagingRegistrar"
132-->[com.google.firebase:firebase-messaging:24.1.2] AndroidManifest.xml:61:17-119
133                android:value="com.google.firebase.components.ComponentRegistrar" />
133-->[com.google.firebase:firebase-messaging:24.1.2] AndroidManifest.xml:62:17-82
134            <meta-data
134-->[com.google.firebase:firebase-storage:21.0.2] AndroidManifest.xml:30:13-32:85
135                android:name="com.google.firebase.components:com.google.firebase.storage.FirebaseStorageKtxRegistrar"
135-->[com.google.firebase:firebase-storage:21.0.2] AndroidManifest.xml:31:17-118
136                android:value="com.google.firebase.components.ComponentRegistrar" />
136-->[com.google.firebase:firebase-storage:21.0.2] AndroidManifest.xml:32:17-82
137            <meta-data
137-->[com.google.firebase:firebase-storage:21.0.2] AndroidManifest.xml:33:13-35:85
138                android:name="com.google.firebase.components:com.google.firebase.storage.StorageRegistrar"
138-->[com.google.firebase:firebase-storage:21.0.2] AndroidManifest.xml:34:17-107
139                android:value="com.google.firebase.components.ComponentRegistrar" />
139-->[com.google.firebase:firebase-storage:21.0.2] AndroidManifest.xml:35:17-82
140            <meta-data
140-->[com.google.firebase:firebase-installations:18.0.0] AndroidManifest.xml:15:13-17:85
141                android:name="com.google.firebase.components:com.google.firebase.installations.FirebaseInstallationsKtxRegistrar"
141-->[com.google.firebase:firebase-installations:18.0.0] AndroidManifest.xml:16:17-130
142                android:value="com.google.firebase.components.ComponentRegistrar" />
142-->[com.google.firebase:firebase-installations:18.0.0] AndroidManifest.xml:17:17-82
143            <meta-data
143-->[com.google.firebase:firebase-installations:18.0.0] AndroidManifest.xml:18:13-20:85
144                android:name="com.google.firebase.components:com.google.firebase.installations.FirebaseInstallationsRegistrar"
144-->[com.google.firebase:firebase-installations:18.0.0] AndroidManifest.xml:19:17-127
145                android:value="com.google.firebase.components.ComponentRegistrar" />
145-->[com.google.firebase:firebase-installations:18.0.0] AndroidManifest.xml:20:17-82
146            <meta-data
146-->[com.google.firebase:firebase-appcheck:18.0.0] AndroidManifest.xml:25:13-27:85
147                android:name="com.google.firebase.components:com.google.firebase.appcheck.FirebaseAppCheckKtxRegistrar"
147-->[com.google.firebase:firebase-appcheck:18.0.0] AndroidManifest.xml:26:17-120
148                android:value="com.google.firebase.components.ComponentRegistrar" />
148-->[com.google.firebase:firebase-appcheck:18.0.0] AndroidManifest.xml:27:17-82
149            <meta-data
149-->[com.google.firebase:firebase-appcheck:18.0.0] AndroidManifest.xml:28:13-30:85
150                android:name="com.google.firebase.components:com.google.firebase.appcheck.FirebaseAppCheckRegistrar"
150-->[com.google.firebase:firebase-appcheck:18.0.0] AndroidManifest.xml:29:17-117
151                android:value="com.google.firebase.components.ComponentRegistrar" />
151-->[com.google.firebase:firebase-appcheck:18.0.0] AndroidManifest.xml:30:17-82
152            <meta-data
152-->[com.google.firebase:firebase-common-ktx:21.0.0] AndroidManifest.xml:12:13-14:85
153                android:name="com.google.firebase.components:com.google.firebase.ktx.FirebaseCommonLegacyRegistrar"
153-->[com.google.firebase:firebase-common-ktx:21.0.0] AndroidManifest.xml:13:17-116
154                android:value="com.google.firebase.components.ComponentRegistrar" />
154-->[com.google.firebase:firebase-common-ktx:21.0.0] AndroidManifest.xml:14:17-82
155            <meta-data
155-->[com.google.firebase:firebase-common:21.0.0] AndroidManifest.xml:35:13-37:85
156                android:name="com.google.firebase.components:com.google.firebase.FirebaseCommonKtxRegistrar"
156-->[com.google.firebase:firebase-common:21.0.0] AndroidManifest.xml:36:17-109
157                android:value="com.google.firebase.components.ComponentRegistrar" />
157-->[com.google.firebase:firebase-common:21.0.0] AndroidManifest.xml:37:17-82
158            <meta-data
158-->[com.google.firebase:firebase-datatransport:18.2.0] AndroidManifest.xml:25:13-27:85
159                android:name="com.google.firebase.components:com.google.firebase.datatransport.TransportRegistrar"
159-->[com.google.firebase:firebase-datatransport:18.2.0] AndroidManifest.xml:26:17-115
160                android:value="com.google.firebase.components.ComponentRegistrar" />
160-->[com.google.firebase:firebase-datatransport:18.2.0] AndroidManifest.xml:27:17-82
161        </service>
162        <service
162-->[:firebase_messaging] AndroidManifest.xml:14:9-17:72
163            android:name="io.flutter.plugins.firebase.messaging.FlutterFirebaseMessagingBackgroundService"
163-->[:firebase_messaging] AndroidManifest.xml:15:13-107
164            android:exported="false"
164-->[:firebase_messaging] AndroidManifest.xml:16:13-37
165            android:permission="android.permission.BIND_JOB_SERVICE" />
165-->[:firebase_messaging] AndroidManifest.xml:17:13-69
166        <service
166-->[:firebase_messaging] AndroidManifest.xml:18:9-24:19
167            android:name="io.flutter.plugins.firebase.messaging.FlutterFirebaseMessagingService"
167-->[:firebase_messaging] AndroidManifest.xml:19:13-97
168            android:exported="false" >
168-->[:firebase_messaging] AndroidManifest.xml:20:13-37
169            <intent-filter>
169-->src\main\AndroidManifest.xml:45:9-47:25
170                <action android:name="com.google.firebase.MESSAGING_EVENT" />
170-->src\main\AndroidManifest.xml:46:13-74
170-->src\main\AndroidManifest.xml:46:21-71
171            </intent-filter>
172        </service>
173
174        <receiver
174-->[:firebase_messaging] AndroidManifest.xml:26:9-33:20
175            android:name="io.flutter.plugins.firebase.messaging.FlutterFirebaseMessagingReceiver"
175-->[:firebase_messaging] AndroidManifest.xml:27:13-98
176            android:exported="true"
176-->[:firebase_messaging] AndroidManifest.xml:28:13-36
177            android:permission="com.google.android.c2dm.permission.SEND" >
177-->[:firebase_messaging] AndroidManifest.xml:29:13-73
178            <intent-filter>
178-->[:firebase_messaging] AndroidManifest.xml:30:13-32:29
179                <action android:name="com.google.android.c2dm.intent.RECEIVE" />
179-->[:firebase_messaging] AndroidManifest.xml:31:17-81
179-->[:firebase_messaging] AndroidManifest.xml:31:25-78
180            </intent-filter>
181        </receiver>
182
183        <provider
183-->[:firebase_messaging] AndroidManifest.xml:41:9-45:38
184            android:name="io.flutter.plugins.firebase.messaging.FlutterFirebaseMessagingInitProvider"
184-->[:firebase_messaging] AndroidManifest.xml:42:13-102
185            android:authorities="com.hbncompany.mahallda_app.flutterfirebasemessaginginitprovider"
185-->[:firebase_messaging] AndroidManifest.xml:43:13-88
186            android:exported="false"
186-->[:firebase_messaging] AndroidManifest.xml:44:13-37
187            android:initOrder="99" />
187-->[:firebase_messaging] AndroidManifest.xml:45:13-35
188        <provider
188-->[:image_picker_android] AndroidManifest.xml:9:9-17:20
189            android:name="io.flutter.plugins.imagepicker.ImagePickerFileProvider"
189-->[:image_picker_android] AndroidManifest.xml:10:13-82
190            android:authorities="com.hbncompany.mahallda_app.flutter.image_provider"
190-->[:image_picker_android] AndroidManifest.xml:11:13-74
191            android:exported="false"
191-->[:image_picker_android] AndroidManifest.xml:12:13-37
192            android:grantUriPermissions="true" >
192-->[:image_picker_android] AndroidManifest.xml:13:13-47
193            <meta-data
193-->[:image_picker_android] AndroidManifest.xml:14:13-16:75
194                android:name="android.support.FILE_PROVIDER_PATHS"
194-->[:image_picker_android] AndroidManifest.xml:15:17-67
195                android:resource="@xml/flutter_image_picker_file_paths" />
195-->[:image_picker_android] AndroidManifest.xml:16:17-72
196        </provider> <!-- Trigger Google Play services to install the backported photo picker module. -->
197        <service
197-->[:image_picker_android] AndroidManifest.xml:19:9-31:19
198            android:name="com.google.android.gms.metadata.ModuleDependencies"
198-->[:image_picker_android] AndroidManifest.xml:20:13-78
199            android:enabled="false"
199-->[:image_picker_android] AndroidManifest.xml:21:13-36
200            android:exported="false" >
200-->[:image_picker_android] AndroidManifest.xml:22:13-37
201            <intent-filter>
201-->[:image_picker_android] AndroidManifest.xml:24:13-26:29
202                <action android:name="com.google.android.gms.metadata.MODULE_DEPENDENCIES" />
202-->[:image_picker_android] AndroidManifest.xml:25:17-94
202-->[:image_picker_android] AndroidManifest.xml:25:25-91
203            </intent-filter>
204
205            <meta-data
205-->[:image_picker_android] AndroidManifest.xml:28:13-30:36
206                android:name="photopicker_activity:0:required"
206-->[:image_picker_android] AndroidManifest.xml:29:17-63
207                android:value="" />
207-->[:image_picker_android] AndroidManifest.xml:30:17-33
208        </service>
209
210        <activity
210-->[:url_launcher_android] AndroidManifest.xml:8:9-11:74
211            android:name="io.flutter.plugins.urllauncher.WebViewActivity"
211-->[:url_launcher_android] AndroidManifest.xml:9:13-74
212            android:exported="false"
212-->[:url_launcher_android] AndroidManifest.xml:10:13-37
213            android:theme="@android:style/Theme.NoTitleBar.Fullscreen" />
213-->[:url_launcher_android] AndroidManifest.xml:11:13-71
214        <activity
214-->[com.google.firebase:firebase-auth:23.2.1] AndroidManifest.xml:29:9-46:20
215            android:name="com.google.firebase.auth.internal.GenericIdpActivity"
215-->[com.google.firebase:firebase-auth:23.2.1] AndroidManifest.xml:30:13-80
216            android:excludeFromRecents="true"
216-->[com.google.firebase:firebase-auth:23.2.1] AndroidManifest.xml:31:13-46
217            android:exported="true"
217-->[com.google.firebase:firebase-auth:23.2.1] AndroidManifest.xml:32:13-36
218            android:launchMode="singleTask"
218-->[com.google.firebase:firebase-auth:23.2.1] AndroidManifest.xml:33:13-44
219            android:theme="@android:style/Theme.Translucent.NoTitleBar" >
219-->[com.google.firebase:firebase-auth:23.2.1] AndroidManifest.xml:34:13-72
220            <intent-filter>
220-->[com.google.firebase:firebase-auth:23.2.1] AndroidManifest.xml:35:13-45:29
221                <action android:name="android.intent.action.VIEW" />
221-->[com.google.firebase:firebase-auth:23.2.1] AndroidManifest.xml:36:17-69
221-->[com.google.firebase:firebase-auth:23.2.1] AndroidManifest.xml:36:25-66
222
223                <category android:name="android.intent.category.DEFAULT" />
223-->[com.google.firebase:firebase-auth:23.2.1] AndroidManifest.xml:38:17-76
223-->[com.google.firebase:firebase-auth:23.2.1] AndroidManifest.xml:38:27-73
224                <category android:name="android.intent.category.BROWSABLE" />
224-->[com.google.firebase:firebase-auth:23.2.1] AndroidManifest.xml:39:17-78
224-->[com.google.firebase:firebase-auth:23.2.1] AndroidManifest.xml:39:27-75
225
226                <data
226-->src\main\AndroidManifest.xml:58:13-50
227                    android:host="firebase.auth"
228                    android:path="/"
229                    android:scheme="genericidp" />
230            </intent-filter>
231        </activity>
232        <activity
232-->[com.google.firebase:firebase-auth:23.2.1] AndroidManifest.xml:47:9-64:20
233            android:name="com.google.firebase.auth.internal.RecaptchaActivity"
233-->[com.google.firebase:firebase-auth:23.2.1] AndroidManifest.xml:48:13-79
234            android:excludeFromRecents="true"
234-->[com.google.firebase:firebase-auth:23.2.1] AndroidManifest.xml:49:13-46
235            android:exported="true"
235-->[com.google.firebase:firebase-auth:23.2.1] AndroidManifest.xml:50:13-36
236            android:launchMode="singleTask"
236-->[com.google.firebase:firebase-auth:23.2.1] AndroidManifest.xml:51:13-44
237            android:theme="@android:style/Theme.Translucent.NoTitleBar" >
237-->[com.google.firebase:firebase-auth:23.2.1] AndroidManifest.xml:52:13-72
238            <intent-filter>
238-->[com.google.firebase:firebase-auth:23.2.1] AndroidManifest.xml:53:13-63:29
239                <action android:name="android.intent.action.VIEW" />
239-->[com.google.firebase:firebase-auth:23.2.1] AndroidManifest.xml:36:17-69
239-->[com.google.firebase:firebase-auth:23.2.1] AndroidManifest.xml:36:25-66
240
241                <category android:name="android.intent.category.DEFAULT" />
241-->[com.google.firebase:firebase-auth:23.2.1] AndroidManifest.xml:38:17-76
241-->[com.google.firebase:firebase-auth:23.2.1] AndroidManifest.xml:38:27-73
242                <category android:name="android.intent.category.BROWSABLE" />
242-->[com.google.firebase:firebase-auth:23.2.1] AndroidManifest.xml:39:17-78
242-->[com.google.firebase:firebase-auth:23.2.1] AndroidManifest.xml:39:27-75
243
244                <data
244-->src\main\AndroidManifest.xml:58:13-50
245                    android:host="firebase.auth"
246                    android:path="/"
247                    android:scheme="recaptcha" />
248            </intent-filter>
249        </activity>
250
251        <receiver
251-->[com.google.firebase:firebase-messaging:24.1.2] AndroidManifest.xml:29:9-40:20
252            android:name="com.google.firebase.iid.FirebaseInstanceIdReceiver"
252-->[com.google.firebase:firebase-messaging:24.1.2] AndroidManifest.xml:30:13-78
253            android:exported="true"
253-->[com.google.firebase:firebase-messaging:24.1.2] AndroidManifest.xml:31:13-36
254            android:permission="com.google.android.c2dm.permission.SEND" >
254-->[com.google.firebase:firebase-messaging:24.1.2] AndroidManifest.xml:32:13-73
255            <intent-filter>
255-->[:firebase_messaging] AndroidManifest.xml:30:13-32:29
256                <action android:name="com.google.android.c2dm.intent.RECEIVE" />
256-->[:firebase_messaging] AndroidManifest.xml:31:17-81
256-->[:firebase_messaging] AndroidManifest.xml:31:25-78
257            </intent-filter>
258
259            <meta-data
259-->[com.google.firebase:firebase-messaging:24.1.2] AndroidManifest.xml:37:13-39:40
260                android:name="com.google.android.gms.cloudmessaging.FINISHED_AFTER_HANDLED"
260-->[com.google.firebase:firebase-messaging:24.1.2] AndroidManifest.xml:38:17-92
261                android:value="true" />
261-->[com.google.firebase:firebase-messaging:24.1.2] AndroidManifest.xml:39:17-37
262        </receiver>
263
264        <uses-library
264-->[androidx.window:window:1.2.0] AndroidManifest.xml:23:9-25:40
265            android:name="androidx.window.extensions"
265-->[androidx.window:window:1.2.0] AndroidManifest.xml:24:13-54
266            android:required="false" />
266-->[androidx.window:window:1.2.0] AndroidManifest.xml:25:13-37
267        <uses-library
267-->[androidx.window:window:1.2.0] AndroidManifest.xml:26:9-28:40
268            android:name="androidx.window.sidecar"
268-->[androidx.window:window:1.2.0] AndroidManifest.xml:27:13-51
269            android:required="false" />
269-->[androidx.window:window:1.2.0] AndroidManifest.xml:28:13-37
270
271        <service
271-->[androidx.credentials:credentials-play-services-auth:1.2.0-rc01] AndroidManifest.xml:24:9-32:19
272            android:name="androidx.credentials.playservices.CredentialProviderMetadataHolder"
272-->[androidx.credentials:credentials-play-services-auth:1.2.0-rc01] AndroidManifest.xml:25:13-94
273            android:enabled="true"
273-->[androidx.credentials:credentials-play-services-auth:1.2.0-rc01] AndroidManifest.xml:26:13-35
274            android:exported="false" >
274-->[androidx.credentials:credentials-play-services-auth:1.2.0-rc01] AndroidManifest.xml:27:13-37
275            <meta-data
275-->[androidx.credentials:credentials-play-services-auth:1.2.0-rc01] AndroidManifest.xml:29:13-31:104
276                android:name="androidx.credentials.CREDENTIAL_PROVIDER_KEY"
276-->[androidx.credentials:credentials-play-services-auth:1.2.0-rc01] AndroidManifest.xml:30:17-76
277                android:value="androidx.credentials.playservices.CredentialProviderPlayServicesImpl" />
277-->[androidx.credentials:credentials-play-services-auth:1.2.0-rc01] AndroidManifest.xml:31:17-101
278        </service>
279
280        <activity
280-->[androidx.credentials:credentials-play-services-auth:1.2.0-rc01] AndroidManifest.xml:34:9-41:20